
> opshell-blog@1.0.0 docs:build
> vitepress build docs


  [32m[1mvitepress[22m v1.3.2[39m

- building client + server bundles...

The language 'vue-ts' is not loaded, falling back to 'txt' for syntax highlighting.
DEPRECATION WARNING [import]: Sass @import rules are deprecated and will be removed in Dart Sass 3.0.0.

More info and automated migrator: https://sass-lang.com/d/import

  ??2 ??@import 'variable';
  ??        ^^^^^^^^^^
  ??    docs\.vitepress\theme\scss\style.scss 2:9  root stylesheet

DEPRECATION WARNING [import]: Sass @import rules are deprecated and will be removed in Dart Sass 3.0.0.

More info and automated migrator: https://sass-lang.com/d/import

  ??5 ??@import 'vitepress';
  ??        ^^^^^^^^^^^
  ??    docs\.vitepress\theme\scss\style.scss 5:9  root stylesheet

DEPRECATION WARNING [import]: Sass @import rules are deprecated and will be removed in Dart Sass 3.0.0.

More info and automated migrator: https://sass-lang.com/d/import

  ??8 ??@import 'basic';
  ??        ^^^^^^^
  ??    docs\.vitepress\theme\scss\style.scss 8:9  root stylesheet


The language 'vue-ts' is not loaded, falling back to 'txt' for syntax highlighting.

(!) Some chunks are larger than 500 kB after minification. Consider:
- Using dynamic import() to code-split the application
- Use build.rollupOptions.output.manualChunks to improve chunking: https://rollupjs.org/configuration-options/#output-manualchunks
- Adjust chunk size limit for this warning via build.chunkSizeWarningLimit.
DEPRECATION WARNING [import]: Sass @import rules are deprecated and will be removed in Dart Sass 3.0.0.

More info and automated migrator: https://sass-lang.com/d/import

  ??2 ??@import 'variable';
  ??        ^^^^^^^^^^
  ??    docs\.vitepress\theme\scss\style.scss 2:9  root stylesheet

DEPRECATION WARNING [import]: Sass @import rules are deprecated and will be removed in Dart Sass 3.0.0.

More info and automated migrator: https://sass-lang.com/d/import

  ??5 ??@import 'vitepress';
  ??        ^^^^^^^^^^^
  ??    docs\.vitepress\theme\scss\style.scss 5:9  root stylesheet

DEPRECATION WARNING [import]: Sass @import rules are deprecated and will be removed in Dart Sass 3.0.0.

More info and automated migrator: https://sass-lang.com/d/import

  ??8 ??@import 'basic';
  ??        ^^^^^^^
  ??    docs\.vitepress\theme\scss\style.scss 8:9  root stylesheet


The language 'vue-ts' is not loaded, falling back to 'txt' for syntax highlighting.
??[0m building client + server bundles...
- rendering pages...
??[0m rendering pages...
Error [ERR_MODULE_NOT_FOUND]: Cannot find module 'C:\wamp64\www\opshell.github.io\docs\.vitepress\.temp\plugin-vue_export-helper.1tPrXgE0.js' imported from C:\wamp64\www\opshell.github.io\docs\.vitepress\.temp\article_code-sea_html_seo_鞈?頛.md.js
    at finalizeResolution (node:internal/modules/esm/resolve:264:11)
    at moduleResolve (node:internal/modules/esm/resolve:917:10)
    at defaultResolve (node:internal/modules/esm/resolve:1130:11)
    at ModuleLoader.defaultResolve (node:internal/modules/esm/loader:396:12)
    at ModuleLoader.resolve (node:internal/modules/esm/loader:365:25)
    at ModuleLoader.getModuleJob (node:internal/modules/esm/loader:240:38)
    at ModuleWrap.<anonymous> (node:internal/modules/esm/module_job:85:39)
    at link (node:internal/modules/esm/module_job:84:36) {
  code: 'ERR_MODULE_NOT_FOUND',
  url: 'file:///C:/wamp64/www/opshell.github.io/docs/.vitepress/.temp/plugin-vue_export-helper.1tPrXgE0.js'
}
Error [ERR_MODULE_NOT_FOUND]: Cannot find module 'C:\wamp64\www\opshell.github.io\docs\.vitepress\.temp\plugin-vue_export-helper.1tPrXgE0.js' imported from C:\wamp64\www\opshell.github.io\docs\.vitepress\.temp\article_code-sea_git_?vs-code-git-gui-?鈭? ?飛憭抒雇.md.js
    at finalizeResolution (node:internal/modules/esm/resolve:264:11)
    at moduleResolve (node:internal/modules/esm/resolve:917:10)
    at defaultResolve (node:internal/modules/esm/resolve:1130:11)
    at ModuleLoader.defaultResolve (node:internal/modules/esm/loader:396:12)
    at ModuleLoader.resolve (node:internal/modules/esm/loader:365:25)
    at ModuleLoader.getModuleJob (node:internal/modules/esm/loader:240:38)
    at ModuleWrap.<anonymous> (node:internal/modules/esm/module_job:85:39)
    at link (node:internal/modules/esm/module_job:84:36) {
  code: 'ERR_MODULE_NOT_FOUND',
  url: 'file:///C:/wamp64/www/opshell.github.io/docs/.vitepress/.temp/plugin-vue_export-helper.1tPrXgE0.js'
}
Error [ERR_MODULE_NOT_FOUND]: Cannot find module 'C:\wamp64\www\opshell.github.io\docs\.vitepress\.temp\plugin-vue_export-helper.1tPrXgE0.js' imported from C:\wamp64\www\opshell.github.io\docs\.vitepress\.temp\article_code-sea_html_seo_瑼Ｘ葫璅?.md.js
    at finalizeResolution (node:internal/modules/esm/resolve:264:11)
    at moduleResolve (node:internal/modules/esm/resolve:917:10)
    at defaultResolve (node:internal/modules/esm/resolve:1130:11)
    at ModuleLoader.defaultResolve (node:internal/modules/esm/loader:396:12)
    at ModuleLoader.resolve (node:internal/modules/esm/loader:365:25)
    at ModuleLoader.getModuleJob (node:internal/modules/esm/loader:240:38)
    at ModuleWrap.<anonymous> (node:internal/modules/esm/module_job:85:39)
    at link (node:internal/modules/esm/module_job:84:36) {
  code: 'ERR_MODULE_NOT_FOUND',
  url: 'file:///C:/wamp64/www/opshell.github.io/docs/.vitepress/.temp/plugin-vue_export-helper.1tPrXgE0.js'
}
build error:
Cannot read properties of undefined (reading 'cloneDeep')
TypeError: Cannot read properties of undefined (reading 'cloneDeep')
    at ComputedRefImpl.fn (file:///C:/wamp64/www/opshell.github.io/docs/.vitepress/.temp/design-system_components.md.js:221:31)
    at refreshComputed (C:\wamp64\www\opshell.github.io\node_modules\@vue\runtime-core\node_modules\@vue\reactivity\dist\reactivity.cjs.prod.js:380:28)
    at get value [as value] (C:\wamp64\www\opshell.github.io\node_modules\@vue\runtime-core\node_modules\@vue\reactivity\dist\reactivity.cjs.prod.js:1517:5)
    at unref (C:\wamp64\www\opshell.github.io\node_modules\@vue\runtime-core\node_modules\@vue\reactivity\dist\reactivity.cjs.prod.js:1369:29)
    at file:///C:/wamp64/www/opshell.github.io/docs/.vitepress/.temp/design-system_components.md.js:238:18
    at renderComponentSubTree (C:\wamp64\www\opshell.github.io\node_modules\@vue\server-renderer\dist\server-renderer.cjs.prod.js:466:9)
    at renderComponentVNode (C:\wamp64\www\opshell.github.io\node_modules\@vue\server-renderer\dist\server-renderer.cjs.prod.js:416:12)
    at ssrRenderComponent (C:\wamp64\www\opshell.github.io\node_modules\@vue\server-renderer\dist\server-renderer.cjs.prod.js:100:10)
    at file:///C:/wamp64/www/opshell.github.io/docs/.vitepress/.temp/design-system_components.md.js:493:13
    at renderComponentSubTree (C:\wamp64\www\opshell.github.io\node_modules\@vue\server-renderer\dist\server-renderer.cjs.prod.js:466:9)
    at renderComponentVNode (C:\wamp64\www\opshell.github.io\node_modules\@vue\server-renderer\dist\server-renderer.cjs.prod.js:416:12)
    at renderVNode (C:\wamp64\www\opshell.github.io\node_modules\@vue\server-renderer\dist\server-renderer.cjs.prod.js:529:14)
    at renderVNodeChildren (C:\wamp64\www\opshell.github.io\node_modules\@vue\server-renderer\dist\server-renderer.cjs.prod.js:545:5)
    at renderElementVNode (C:\wamp64\www\opshell.github.io\node_modules\@vue\server-renderer\dist\server-renderer.cjs.prod.js:589:9)
    at renderVNode (C:\wamp64\www\opshell.github.io\node_modules\@vue\server-renderer\dist\server-renderer.cjs.prod.js:527:9)
    at renderComponentSubTree (C:\wamp64\www\opshell.github.io\node_modules\@vue\server-renderer\dist\server-renderer.cjs.prod.js:481:7)
