
> opshell-blog@1.0.0 docs:build
> vitepress build docs


  [32m[1mvitepress[22m v1.3.2[39m

- building client + server bundles...

The language 'vue-ts' is not loaded, falling back to 'txt' for syntax highlighting.
DEPRECATION WARNING [import]: Sass @import rules are deprecated and will be removed in Dart Sass 3.0.0.

More info and automated migrator: https://sass-lang.com/d/import

  ??2 ??@import 'variable';
  ??        ^^^^^^^^^^
  ??    docs\.vitepress\theme\scss\style.scss 2:9  root stylesheet

DEPRECATION WARNING [import]: Sass @import rules are deprecated and will be removed in Dart Sass 3.0.0.

More info and automated migrator: https://sass-lang.com/d/import

  ??5 ??@import 'vitepress';
  ??        ^^^^^^^^^^^
  ??    docs\.vitepress\theme\scss\style.scss 5:9  root stylesheet

DEPRECATION WARNING [import]: Sass @import rules are deprecated and will be removed in Dart Sass 3.0.0.

More info and automated migrator: https://sass-lang.com/d/import

  ??8 ??@import 'basic';
  ??        ^^^^^^^
  ??    docs\.vitepress\theme\scss\style.scss 8:9  root stylesheet


The language 'vue-ts' is not loaded, falling back to 'txt' for syntax highlighting.

(!) Some chunks are larger than 500 kB after minification. Consider:
- Using dynamic import() to code-split the application
- Use build.rollupOptions.output.manualChunks to improve chunking: https://rollupjs.org/configuration-options/#output-manualchunks
- Adjust chunk size limit for this warning via build.chunkSizeWarningLimit.
DEPRECATION WARNING [import]: Sass @import rules are deprecated and will be removed in Dart Sass 3.0.0.

More info and automated migrator: https://sass-lang.com/d/import

  ??2 ??@import 'variable';
  ??        ^^^^^^^^^^
  ??    docs\.vitepress\theme\scss\style.scss 2:9  root stylesheet

DEPRECATION WARNING [import]: Sass @import rules are deprecated and will be removed in Dart Sass 3.0.0.

More info and automated migrator: https://sass-lang.com/d/import

  ??5 ??@import 'vitepress';
  ??        ^^^^^^^^^^^
  ??    docs\.vitepress\theme\scss\style.scss 5:9  root stylesheet

DEPRECATION WARNING [import]: Sass @import rules are deprecated and will be removed in Dart Sass 3.0.0.

More info and automated migrator: https://sass-lang.com/d/import

  ??8 ??@import 'basic';
  ??        ^^^^^^^
  ??    docs\.vitepress\theme\scss\style.scss 8:9  root stylesheet


The language 'vue-ts' is not loaded, falling back to 'txt' for syntax highlighting.
??[0m building client + server bundles...
- rendering pages...
??[0m rendering pages...
- generating sitemap...
??[0m generating sitemap...
build error:
ENOENT: no such file or directory, lstat 'C:\wamp64\www\opshell.github.io\docs\pages\design-system\colors.md'
Error: ENOENT: no such file or directory, lstat 'C:\wamp64\www\opshell.github.io\docs\pages\design-system\colors.md'
    at Object.lstatSync (node:fs:1643:25)
    at isDirectory2 (file:///C:/wamp64/www/opshell.github.io/docs/.vitepress/config.mts.timestamp-1764308354610-c0401c7730b2b.mjs:99:14)
    at file:///C:/wamp64/www/opshell.github.io/docs/.vitepress/config.mts.timestamp-1764308354610-c0401c7730b2b.mjs:336:14
    at Array.map (<anonymous>)
    at Object.transformItems (file:///C:/wamp64/www/opshell.github.io/docs/.vitepress/config.mts.timestamp-1764308354610-c0401c7730b2b.mjs:333:20)
    at file:///C:/wamp64/www/opshell.github.io/node_modules/vitepress/dist/node/serve-f1iMCw7A.js:46829:55
    at process.processTicksAndRejections (node:internal/process/task_queues:95:5)
    at async task (file:///C:/wamp64/www/opshell.github.io/node_modules/vitepress/dist/node/serve-f1iMCw7A.js:42105:5)
    at async generateSitemap (file:///C:/wamp64/www/opshell.github.io/node_modules/vitepress/dist/node/serve-f1iMCw7A.js:46798:3)
    at async build (file:///C:/wamp64/www/opshell.github.io/node_modules/vitepress/dist/node/serve-f1iMCw7A.js:47109:3)
